2020-08-09 16:16:21,466 INFO  akka.event.slf4j.Slf4jLogger  - Slf4jLogger started
2020-08-09 16:16:21,489 DEBUG akka.event.EventStream EventStream(akka://http-microservice) - logger log1-Slf4jLogger started
2020-08-09 16:16:21,491 DEBUG akka.event.EventStream EventStream(akka://http-microservice) - Default Loggers started
2020-08-09 16:16:22,194 DEBUG c.t.sslconfig.akka.AkkaSSLConfig AkkaSSLConfig(akka://http-microservice) - Initializing AkkaSSLConfig extension...
2020-08-09 16:16:22,196 DEBUG c.t.sslconfig.akka.AkkaSSLConfig AkkaSSLConfig(akka://http-microservice) - buildHostnameVerifier: created hostname verifier: com.typesafe.sslconfig.ssl.NoopHostnameVerifier@6e1d8f9e
2020-08-09 16:16:23,122 INFO    - Runnning on 127.0.0.1:8080
2020-08-09 16:16:35,343 INFO  akka.event.slf4j.Slf4jLogger  - Slf4jLogger started
2020-08-09 16:16:35,364 DEBUG akka.event.EventStream EventStream(akka://telegram-demo) - logger log1-Slf4jLogger started
2020-08-09 16:16:35,373 DEBUG akka.event.EventStream EventStream(akka://telegram-demo) - Default Loggers started
2020-08-09 16:16:50,714 INFO  k.c.t.actors.AmqpPublisherActor akka://telegram-demo/user/$a - sending message to AMQP
2020-08-09 16:16:50,729 INFO  k.c.t.actors.AmqpPublisherActor akka://telegram-demo/user/$a - successfully send message UsersMessage(telegram,Some(Привет),,{"username":"dsansyzbayev","firstname":"Данияр","lastname":"Сансызбаев","chatId":586639145,"messageId":256,"userId":586639145})
2020-08-09 16:16:52,887 INFO  k.c.t.actors.AmqpListenerActor akka://telegram-demo/user/$b - received message {"senderPlatform":"telegram","message":"Здравствуйте","command":"no-response","args":"{\"username\":\"dsansyzbayev\",\"firstname\":\"Данияр\",\"lastname\":\"Сансызбаев\",\"chatId\":586639145,\"messageId\":256,\"userId\":586639145}"}
2020-08-09 16:16:59,131 INFO  k.c.t.actors.AmqpPublisherActor akka://telegram-demo/user/$a - sending message to AMQP
2020-08-09 16:16:59,133 INFO  k.c.t.actors.AmqpPublisherActor akka://telegram-demo/user/$a - successfully send message UsersMessage(telegram,Some(Погода в Nur-Sultan),,{"username":"dsansyzbayev","firstname":"Данияр","lastname":"Сансызбаев","chatId":586639145,"messageId":258,"userId":586639145})
2020-08-09 16:17:01,651 INFO  k.c.t.actors.AmqpListenerActor akka://telegram-demo/user/$b - received message {"senderPlatform":"telegram","message":"Weather in Nur-Sultan.\n Clouds, broken clouds, temp: 30, feels like: 25","command":"","args":"{\"username\":\"dsansyzbayev\",\"firstname\":\"Данияр\",\"lastname\":\"Сансызбаев\",\"chatId\":586639145,\"messageId\":258,\"userId\":586639145}"}
2020-08-09 16:17:10,789 INFO  k.c.t.actors.AmqpPublisherActor akka://telegram-demo/user/$a - sending message to AMQP
2020-08-09 16:17:10,792 INFO  k.c.t.actors.AmqpPublisherActor akka://telegram-demo/user/$a - successfully send message UsersMessage(telegram,Some(Покажи dsansyzbayev),,{"username":"dsansyzbayev","firstname":"Данияр","lastname":"Сансызбаев","chatId":586639145,"messageId":260,"userId":586639145})
2020-08-09 16:17:13,351 INFO  k.c.t.actors.AmqpListenerActor akka://telegram-demo/user/$b - received message {"senderPlatform":"telegram","message":"Algo-DataStr has size 100, stars: 0, not forked\n\nAndroid-Calculator has size 124, stars: 0, not forked\n\nandroid_dev has size 154, stars: 0, not forked\n\neCommerceShop has size 8332, stars: 0, not forked\n\nFragmentTabApp has size 1841, stars: 0, not forked\n\nict has size 10694, stars: 0, not forked\n\nMovieDBAppAPI has size 132, stars: 0, not forked\n\nMovieDBAppWithMap has size 194, stars: 0, not forked\n\none-lab-scala has size 45, stars: 0, forked\n\nOOP has size 15573, stars: 0, not forked\n\nphpCourseHW has size 10096, stars: 0, not forked\n\nphpGame has size 0, stars: 0, not forked\n\nPP2-Labs has size 30, stars: 0, not forked\n\nProject-back has size 9, stars: 0, not forked\n\nrecipe-book has size 2840, stars: 0, not forked\n\nsmart-hotel has size 1115, stars: 0, not forked\n\ntestst has size 0, stars: 0, not forked\n\nToDoAppSavingInFile has size 134, stars: 0, not forked\n\nToDoAppWithDB has size 132, stars: 0, not forked\n\nweb-dev has size 54771, stars: 0, not forked\n\nweb-dev-2019 has size 344, stars: 0, not forked","command":"","args":"{\"username\":\"dsansyzbayev\",\"firstname\":\"Данияр\",\"lastname\":\"Сансызбаев\",\"chatId\":586639145,\"messageId\":260,\"userId\":586639145}"}
2020-08-09 16:17:14,892 INFO  k.c.t.actors.AmqpPublisherActor akka://telegram-demo/user/$a - sending message to AMQP
2020-08-09 16:17:14,900 INFO  k.c.t.actors.AmqpPublisherActor akka://telegram-demo/user/$a - successfully send message UsersMessage(telegram,Some(Пошути),,{"username":"dsansyzbayev","firstname":"Данияр","lastname":"Сансызбаев","chatId":586639145,"messageId":262,"userId":586639145})
2020-08-09 16:17:16,954 INFO  k.c.t.actors.AmqpListenerActor akka://telegram-demo/user/$b - received message {"senderPlatform":"telegram","message":"Chuck Norris likes his coffee half and half: half coffee grounds, half wood-grain alcohol.","command":"","args":"{\"username\":\"dsansyzbayev\",\"firstname\":\"Данияр\",\"lastname\":\"Сансызбаев\",\"chatId\":586639145,\"messageId\":262,\"userId\":586639145}"}
2020-08-09 16:17:48,030 WARN  actors.PerRequest$PerRequestActor akka://http-microservice/user/$c - received request actor $c
2020-08-09 16:17:48,033 INFO  actors.AmqpPublisherActor akka://http-microservice/user/$a - sending message to AMQP
2020-08-09 16:17:48,037 INFO  akka.actor.LocalActorRef akka://http-microservice/user/$c/$a - Message [http.routes.AllRoutes$BasicRequest] from Actor[akka://http-microservice/user/$c#-1351313289] to Actor[akka://http-microservice/user/$c/$a#626419777] was unhandled. [1] dead letters encountered. This logging can be turned off or adjusted with configuration settings 'akka.log-dead-letters' and 'akka.log-dead-letters-during-shutdown'.
2020-08-09 16:17:48,070 INFO  actors.AmqpPublisherActor akka://http-microservice/user/$a - successfully send message {"senderPlatform":"http","message":"Погода в Almaty","command":"","args":"/user/$c"}
2020-08-09 16:17:49,074 INFO  actors.AmqpListenerActor akka://http-microservice/user/$b - received message {"senderPlatform":"http","message":"Weather in Almaty.\n Clouds, broken clouds, temp: 32, feels like: 30","command":"","args":"/user/$c"}
2020-08-09 16:17:49,132 WARN  actors.PerRequest$PerRequestActor akka://http-microservice/user/$c - I stopped and removed myself from memory
2020-08-09 16:17:56,684 WARN  actors.PerRequest$PerRequestActor akka://http-microservice/user/$d - received request actor $d
2020-08-09 16:17:56,690 INFO  akka.actor.LocalActorRef akka://http-microservice/user/$d/$a - Message [http.routes.AllRoutes$BasicRequest] from Actor[akka://http-microservice/user/$d#-171052440] to Actor[akka://http-microservice/user/$d/$a#84386790] was unhandled. [2] dead letters encountered. This logging can be turned off or adjusted with configuration settings 'akka.log-dead-letters' and 'akka.log-dead-letters-during-shutdown'.
2020-08-09 16:17:56,691 INFO  actors.AmqpPublisherActor akka://http-microservice/user/$a - sending message to AMQP
2020-08-09 16:17:56,692 INFO  actors.AmqpPublisherActor akka://http-microservice/user/$a - successfully send message {"senderPlatform":"http","message":"Пошути","command":"","args":"/user/$d"}
2020-08-09 16:17:57,677 INFO  actors.AmqpListenerActor akka://http-microservice/user/$b - received message {"senderPlatform":"http","message":"Chuck Norris does not need to type-cast. The Chuck-Norris Compiler (CNC) sees through things. All way down. Always.","command":"","args":"/user/$d"}
2020-08-09 16:17:57,684 WARN  actors.PerRequest$PerRequestActor akka://http-microservice/user/$d - I stopped and removed myself from memory
2020-08-09 16:18:16,131 INFO  akka.actor.LocalActorRef akka://http-microservice/user/$e/$a - Message [http.routes.AllRoutes$BasicRequest] from Actor[akka://http-microservice/user/$e#-1169543869] to Actor[akka://http-microservice/user/$e/$a#1738368120] was unhandled. [3] dead letters encountered. This logging can be turned off or adjusted with configuration settings 'akka.log-dead-letters' and 'akka.log-dead-letters-during-shutdown'.
2020-08-09 16:18:16,132 WARN  actors.PerRequest$PerRequestActor akka://http-microservice/user/$e - received request actor $e
2020-08-09 16:18:16,133 INFO  actors.AmqpPublisherActor akka://http-microservice/user/$a - sending message to AMQP
2020-08-09 16:18:16,135 INFO  actors.AmqpPublisherActor akka://http-microservice/user/$a - successfully send message {"senderPlatform":"http","message":"Покажи arturka","command":"","args":"/user/$e"}
2020-08-09 16:18:18,614 INFO  actors.AmqpListenerActor akka://http-microservice/user/$b - received message {"senderPlatform":"http","message":"akka-http-k8s has size 466, stars: 0, not forked\n\nalgorithms-ds has size 9, stars: 0, not forked\n\nddad-project2 has size 189, stars: 0, not forked\n\nelm-lang.org has size 17486, stars: 0, forked\n\none-lab-scala has size 29, stars: 0, not forked\n\nS-99 has size 20, stars: 0, not forked\n\nscala-dialogflow has size 11, stars: 1, not forked\n\nscala-s3-uploader has size 1307, stars: 0, not forked\n\nscala-way has size 21, stars: 0, not forked\n\nsocket-ftp-scala has size 17, stars: 0, not forked\n\nsocket-tic-tac-toe-scala has size 22, stars: 0, not forked\n\ntworkshop-questions has size 6, stars: 0, forked\n\nweb-technologies has size 359, stars: 0, not forked","command":"","args":"/user/$e"}
2020-08-09 16:18:18,620 WARN  actors.PerRequest$PerRequestActor akka://http-microservice/user/$e - I stopped and removed myself from memory
2020-08-09 16:26:23,475 INFO  akka.event.slf4j.Slf4jLogger  - Slf4jLogger started
2020-08-09 16:26:23,516 DEBUG akka.event.EventStream EventStream(akka://telegram-demo) - logger log1-Slf4jLogger started
2020-08-09 16:26:23,518 DEBUG akka.event.EventStream EventStream(akka://telegram-demo) - Default Loggers started
2020-08-09 16:30:56,094 INFO  akka.event.slf4j.Slf4jLogger  - Slf4jLogger started
2020-08-09 16:30:56,117 DEBUG akka.event.EventStream EventStream(akka://telegram-demo) - logger log1-Slf4jLogger started
2020-08-09 16:30:56,123 DEBUG akka.event.EventStream EventStream(akka://telegram-demo) - Default Loggers started
2020-08-09 16:30:59,419 INFO  k.c.t.actors.AmqpPublisherActor akka://telegram-demo/user/$a - sending message to AMQP
2020-08-09 16:30:59,434 INFO  k.c.t.actors.AmqpPublisherActor akka://telegram-demo/user/$a - successfully send message UsersMessage(telegram,Some(Привет),,{"username":"dsansyzbayev","firstname":"Данияр","lastname":"Сансызбаев","chatId":586639145,"messageId":264,"userId":586639145})
2020-08-09 16:31:03,305 INFO  k.c.t.actors.AmqpPublisherActor akka://telegram-demo/user/$a - sending message to AMQP
2020-08-09 16:31:03,306 INFO  k.c.t.actors.AmqpPublisherActor akka://telegram-demo/user/$a - successfully send message UsersMessage(telegram,Some(Привет),,{"username":"dsansyzbayev","firstname":"Данияр","lastname":"Сансызбаев","chatId":586639145,"messageId":265,"userId":586639145})
2020-08-09 16:32:14,169 INFO  k.c.t.actors.AmqpPublisherActor akka://telegram-demo/user/$a - sending message to AMQP
2020-08-09 16:32:14,175 INFO  k.c.t.actors.AmqpPublisherActor akka://telegram-demo/user/$a - successfully send message UsersMessage(telegram,Some(Привет),,{"username":"dsansyzbayev","firstname":"Данияр","lastname":"Сансызбаев","chatId":586639145,"messageId":266,"userId":586639145})
2020-08-09 16:33:11,630 INFO  akka.event.slf4j.Slf4jLogger  - Slf4jLogger started
2020-08-09 16:33:11,648 DEBUG akka.event.EventStream EventStream(akka://telegram-demo) - logger log1-Slf4jLogger started
2020-08-09 16:33:11,651 DEBUG akka.event.EventStream EventStream(akka://telegram-demo) - Default Loggers started
2020-08-09 16:33:25,300 INFO  k.c.t.actors.AmqpPublisherActor akka://telegram-demo/user/$a - sending message to AMQP
2020-08-09 16:33:25,313 INFO  k.c.t.actors.AmqpPublisherActor akka://telegram-demo/user/$a - successfully send message UsersMessage(telegram,Some(Привет),,{"username":"dsansyzbayev","firstname":"Данияр","lastname":"Сансызбаев","chatId":586639145,"messageId":267,"userId":586639145})
2020-08-09 16:34:23,393 INFO  k.c.t.actors.AmqpPublisherActor akka://telegram-demo/user/$a - sending message to AMQP
2020-08-09 16:34:23,395 INFO  k.c.t.actors.AmqpPublisherActor akka://telegram-demo/user/$a - successfully send message UsersMessage(telegram,Some(Привет),,{"username":"dsansyzbayev","firstname":"Данияр","lastname":"Сансызбаев","chatId":586639145,"messageId":268,"userId":586639145})
2020-08-09 16:34:25,754 INFO  k.c.t.actors.AmqpListenerActor akka://telegram-demo/user/$b - received message {"senderPlatform":"telegram","message":"Здравствуйте","command":"no-response","args":"{\"username\":\"dsansyzbayev\",\"firstname\":\"Данияр\",\"lastname\":\"Сансызбаев\",\"chatId\":586639145,\"messageId\":268,\"userId\":586639145}"}
2020-08-09 16:40:51,299 INFO  akka.event.slf4j.Slf4jLogger  - Slf4jLogger started
2020-08-09 16:40:51,338 DEBUG akka.event.EventStream EventStream(akka://telegram-demo) - logger log1-Slf4jLogger started
2020-08-09 16:40:51,355 DEBUG akka.event.EventStream EventStream(akka://telegram-demo) - Default Loggers started
2020-08-09 16:41:08,360 INFO  k.c.t.actors.AmqpPublisherActor akka://telegram-demo/user/$a - sending message to AMQP
2020-08-09 16:41:08,372 INFO  k.c.t.actors.AmqpPublisherActor akka://telegram-demo/user/$a - successfully send message UsersMessage(telegram,Some(Привет),,{"username":"dsansyzbayev","firstname":"Данияр","lastname":"Сансызбаев","chatId":586639145,"messageId":270,"userId":586639145})
2020-08-09 16:41:09,320 INFO  k.c.t.actors.AmqpListenerActor akka://telegram-demo/user/$b - received message {"senderPlatform":"telegram","message":"Здравствуйте","command":"no-response","args":"{\"username\":\"dsansyzbayev\",\"firstname\":\"Данияр\",\"lastname\":\"Сансызбаев\",\"chatId\":586639145,\"messageId\":270,\"userId\":586639145}"}
